\BOOKMARK [0][-]{chapter.1}{Literature review}{}% 1
\BOOKMARK [1][-]{section.1.1}{Land-use and climate change, species traits and the functional composition of vertebrate communities}{chapter.1}% 2
\BOOKMARK [1][-]{section.1.2}{Land-use and climate change, functional diversity and the disruption of ecosystem services}{chapter.1}% 3
\BOOKMARK [2][-]{subsection.1.2.1}{Impact of land-use on the functional richness \205 species richness relationships}{section.1.2}% 4
\BOOKMARK [2][-]{subsection.1.2.2}{Links between functional diversity and ecosystem functioning}{section.1.2}% 5
\BOOKMARK [1][-]{section.1.3}{Research questions and hypotheses}{chapter.1}% 6
\BOOKMARK [2][-]{subsection.1.3.1}{How does land-use affect the functional diversity of vertebrate communities?}{section.1.3}% 7
\BOOKMARK [2][-]{subsection.1.3.2}{Which vertebrate traits confer sensitivity to land-use change?}{section.1.3}% 8
\BOOKMARK [0][-]{chapter.2}{Collecting and imputing ecological trait data across terrestrial vertebrates}{}% 9
\BOOKMARK [1][-]{section.2.1}{Introduction}{chapter.2}% 10
\BOOKMARK [1][-]{section.2.2}{Methods}{chapter.2}% 11
\BOOKMARK [2][-]{subsection.2.2.1}{Ecological trait data collection}{section.2.2}% 12
\BOOKMARK [2][-]{subsection.2.2.2}{Phylogenetic information}{section.2.2}% 13
\BOOKMARK [2][-]{subsection.2.2.3}{Tackling taxonomic synonymy}{section.2.2}% 14
\BOOKMARK [2][-]{subsection.2.2.4}{Biases in the completeness of trait information across classes}{section.2.2}% 15
\BOOKMARK [2][-]{subsection.2.2.5}{Imputing missing trait values}{section.2.2}% 16
\BOOKMARK [1][-]{section.2.3}{Results}{chapter.2}% 17
\BOOKMARK [2][-]{subsection.2.3.1}{Outputs}{section.2.3}% 18
\BOOKMARK [2][-]{subsection.2.3.2}{Imputation performance}{section.2.3}% 19
\BOOKMARK [2][-]{subsection.2.3.3}{Imputation robustness}{section.2.3}% 20
\BOOKMARK [1][-]{section.2.4}{Discussion}{chapter.2}% 21
\BOOKMARK [0][-]{chapter.3}{Land-use change impacts on the functional diversity of vertebrate communities}{}% 22
\BOOKMARK [0][-]{chapter.4}{Outline and research questions for the next years}{}% 23
